<?xml version="1.0" encoding="UTF-8"?>
<!-- Generated by org.testng.reporters.JUnitXMLReporter -->
<testsuite ignored="1" hostname="CHARITHA-J" failures="2" tests="2" name="Command line test" time="5.581" errors="0" timestamp="2021-05-27T13:33:03 IST">
  <testcase classname="com.zone.restAPI.tests.userLogin.PostUserLoginTest" name="testLoginToSWMSWithInValidUserData" time="2.197">
    <failure type="java.lang.AssertionError" message="The following asserts failed:
	Invalid status code return expected [401] but found [400],
	Invalid Status Return expected [null] but found []">
      <![CDATA[java.lang.AssertionError: The following asserts failed:
Invalid status code return expected [401] but found [400],
Invalid Status Return expected [null] but found []
at com.zone.restAPI.tests.userLogin.PostUserLoginTest.testLoginToSWMSWithInValidUserData(PostUserLoginTest.java:40)
at java.base/java.util.ArrayList.forEach(ArrayList.java:1541)
... Removed 39 stack frames]]>
    </failure>
  </testcase> <!-- testLoginToSWMSWithInValidUserData -->
  <testcase classname="com.zone.restAPI.tests.userLogin.PostUserLoginTest" name="testLoginToSWMSWithValidUserData" time="2.93">
    <failure type="java.lang.AssertionError" message="The following asserts failed:
	Invalid status code return expected [200] but found [400],
	Invalid Status Return expected [Authentication successful] but found []">
      <![CDATA[java.lang.AssertionError: The following asserts failed:
Invalid status code return expected [200] but found [400],
Invalid Status Return expected [Authentication successful] but found []
at com.zone.restAPI.tests.userLogin.PostUserLoginTest.testLoginToSWMSWithValidUserData(PostUserLoginTest.java:29)
at java.base/java.util.ArrayList.forEach(ArrayList.java:1541)
... Removed 39 stack frames]]>
    </failure>
  </testcase> <!-- testLoginToSWMSWithValidUserData -->
  <testcase classname="com.zone.restAPI.utils.TestBase" name="@BeforeSuite createBuild" time="0.0">
    <ignored/>
  </testcase> <!-- @BeforeSuite createBuild -->
</testsuite> <!-- Command line test -->
