<?xml version="1.0" encoding="UTF-8" ?>
<testsuite tests="2" failures="2" name="TestSuite" time="5.135" errors="0" skipped="0">
  <properties>
[...]
</properties>
  <testcase classname="com.zone.restAPI.tests.userLogin.PostUserLoginTest" name="testLoginToSWMSWithInValidUserData" time="2.201">
    <failure message="The following asserts failed:
	Invalid status code return expected [401] but found [400],
	Invalid Status Return expected [null] but found []" type="java.lang.AssertionError">java.lang.AssertionError: The following asserts failed:
	Invalid status code return expected [401] but found [400],
	Invalid Status Return expected [null] but found []
	at org.testng.asserts.SoftAssert.assertAll(SoftAssert.java:47)
	at org.testng.asserts.SoftAssert.assertAll(SoftAssert.java:31)
	at com.zone.restAPI.tests.userLogin.PostUserLoginTest.testLoginToSWMSWithInValidUserData(PostUserLoginTest.java:40)
</failure>
    <system-out>Configuring TestNG with: org.apache.maven.surefire.testng.conf.TestNG652Configurator@646d64ab
test-output/Report/test/  ReportLocation
testLoginToSWMSWithInValidUserData
</system-out>
    <system-err>May 27, 2021 1:32:58 PM com.zone.restAPI.utils.LoggerUtil logINFO
INFO: 

HEADERS
{Content-Type=application/json}
*********


May 27, 2021 1:32:58 PM com.zone.restAPI.utils.LoggerUtil logINFO
INFO: 

REQUEST_URL
https://accounts.google.com/AddSession?hl=en&amp;continue=https://mail.google.com/mail&amp;service=mail&amp;ec=GAlAFw:8080/auth/login
*********


May 27, 2021 1:32:58 PM com.zone.restAPI.utils.LoggerUtil logINFO
INFO: 

REQUEST_BODY
{&quot;agent&quot;:&quot;web&quot;,&quot;password&quot;:&quot;Sysco2021&quot;,&quot;userId&quot;:&quot;OPS$test123&quot;}
*********


May 27, 2021 1:33:00 PM com.zone.restAPI.utils.LoggerUtil logINFO
INFO: 

RESPONSE
&lt;html lang=en&gt;&lt;meta charset=utf-8&gt;&lt;meta name=viewport content=&quot;initial-scale=1, minimum-scale=1, width=device-width&quot;&gt;&lt;title&gt;Error 400 (Bad Request)!!1&lt;/title&gt;&lt;style nonce=&quot;0SL7cZbGEE4qe3iT35A8QQ&quot;&gt;*{margin:0;padding:0}html,code{font:15px/22px arial,sans-serif}html{background:#fff;color:#222;padding:15px}body{color:#222;text-align:unset;margin:7% auto 0;max-width:390px;min-height:180px;padding:30px 0 15px;}* &gt; body{background:url(//www.google.com/images/errors/robot.png) 100% 5px no-repeat;padding-right:205px}p{margin:11px 0 22px;overflow:hidden}pre{white-space:pre-wrap;}ins{color:#777;text-decoration:none}a img{border:0}@media screen and (max-width:772px){body{background:none;margin-top:0;max-width:none;padding-right:0}}#logo{background:url(//www.google.com/images/branding/googlelogo/1x/googlelogo_color_150x54dp.png) no-repeat;margin-left:-5px}@media only screen and (min-resolution:192dpi){#logo{background:url(//www.google.com/images/branding/googlelogo/2x/googlelogo_color_150x54dp.png) no-repeat 0% 0%/100% 100%;-moz-border-image:url(//www.google.com/images/branding/googlelogo/2x/googlelogo_color_150x54dp.png) 0}}@media only screen and (-webkit-min-device-pixel-ratio:2){#logo{background:url(//www.google.com/images/branding/googlelogo/2x/googlelogo_color_150x54dp.png) no-repeat;-webkit-background-size:100% 100%}}#logo{display:inline-block;height:54px;width:150px}&lt;/style&gt;&lt;div id=&quot;af-error-container&quot;&gt;&lt;a href=//www.google.com&gt;&lt;span id=logo aria-label=Google&gt;&lt;/span&gt;&lt;/a&gt;&lt;p&gt;&lt;b&gt;400.&lt;/b&gt; &lt;ins&gt;That’s an error.&lt;/ins&gt;&lt;p&gt;The server cannot process the request because it is malformed. It should not be retried. &lt;ins&gt;That’s all we know.&lt;/ins&gt;&lt;/div&gt;
*********


May 27, 2021 1:33:00 PM com.zone.restAPI.utils.LoggerUtil logINFO
INFO: 

RESPONSE_STATUS_CODE
400
*********


</system-err>
  </testcase>
  <testcase classname="com.zone.restAPI.tests.userLogin.PostUserLoginTest" name="testLoginToSWMSWithValidUserData" time="2.934">
    <failure message="The following asserts failed:
	Invalid status code return expected [200] but found [400],
	Invalid Status Return expected [Authentication successful] but found []" type="java.lang.AssertionError">java.lang.AssertionError: The following asserts failed:
	Invalid status code return expected [200] but found [400],
	Invalid Status Return expected [Authentication successful] but found []
	at org.testng.asserts.SoftAssert.assertAll(SoftAssert.java:47)
	at org.testng.asserts.SoftAssert.assertAll(SoftAssert.java:31)
	at com.zone.restAPI.tests.userLogin.PostUserLoginTest.testLoginToSWMSWithValidUserData(PostUserLoginTest.java:29)
</failure>
    <system-out>testLoginToSWMSWithValidUserData
</system-out>
    <system-err>May 27, 2021 1:33:00 PM com.zone.restAPI.utils.LoggerUtil logINFO
INFO: 

HEADERS
{Content-Type=application/json}
*********


May 27, 2021 1:33:00 PM com.zone.restAPI.utils.LoggerUtil logINFO
INFO: 

REQUEST_URL
https://accounts.google.com/AddSession?hl=en&amp;continue=https://mail.google.com/mail&amp;service=mail&amp;ec=GAlAFw:8080/auth/login
*********


May 27, 2021 1:33:00 PM com.zone.restAPI.utils.LoggerUtil logINFO
INFO: 

REQUEST_BODY
{&quot;agent&quot;:&quot;web&quot;,&quot;password&quot;:&quot;pw2022&quot;,&quot;userId&quot;:&quot;OPS$test123&quot;}
*********


May 27, 2021 1:33:03 PM com.zone.restAPI.utils.LoggerUtil logINFO
INFO: 

RESPONSE
&lt;html lang=en&gt;&lt;meta charset=utf-8&gt;&lt;meta name=viewport content=&quot;initial-scale=1, minimum-scale=1, width=device-width&quot;&gt;&lt;title&gt;Error 400 (Bad Request)!!1&lt;/title&gt;&lt;style nonce=&quot;ZfuGKR7WuZjHhhDXG1YPbQ&quot;&gt;*{margin:0;padding:0}html,code{font:15px/22px arial,sans-serif}html{background:#fff;color:#222;padding:15px}body{color:#222;text-align:unset;margin:7% auto 0;max-width:390px;min-height:180px;padding:30px 0 15px;}* &gt; body{background:url(//www.google.com/images/errors/robot.png) 100% 5px no-repeat;padding-right:205px}p{margin:11px 0 22px;overflow:hidden}pre{white-space:pre-wrap;}ins{color:#777;text-decoration:none}a img{border:0}@media screen and (max-width:772px){body{background:none;margin-top:0;max-width:none;padding-right:0}}#logo{background:url(//www.google.com/images/branding/googlelogo/1x/googlelogo_color_150x54dp.png) no-repeat;margin-left:-5px}@media only screen and (min-resolution:192dpi){#logo{background:url(//www.google.com/images/branding/googlelogo/2x/googlelogo_color_150x54dp.png) no-repeat 0% 0%/100% 100%;-moz-border-image:url(//www.google.com/images/branding/googlelogo/2x/googlelogo_color_150x54dp.png) 0}}@media only screen and (-webkit-min-device-pixel-ratio:2){#logo{background:url(//www.google.com/images/branding/googlelogo/2x/googlelogo_color_150x54dp.png) no-repeat;-webkit-background-size:100% 100%}}#logo{display:inline-block;height:54px;width:150px}&lt;/style&gt;&lt;div id=&quot;af-error-container&quot;&gt;&lt;a href=//www.google.com&gt;&lt;span id=logo aria-label=Google&gt;&lt;/span&gt;&lt;/a&gt;&lt;p&gt;&lt;b&gt;400.&lt;/b&gt; &lt;ins&gt;That’s an error.&lt;/ins&gt;&lt;p&gt;The server cannot process the request because it is malformed. It should not be retried. &lt;ins&gt;That’s all we know.&lt;/ins&gt;&lt;/div&gt;
*********


May 27, 2021 1:33:03 PM com.zone.restAPI.utils.LoggerUtil logINFO
INFO: 

RESPONSE_STATUS_CODE
400
*********


</system-err>
  </testcase>
</testsuite>